<?xml version="1.0" encoding="UTF-8"?>
<testng-results ignored="0" total="1" passed="1" failed="0" skipped="0">
  <reporter-output>
  </reporter-output>
  <suite started-at="2024-10-31T12:47:46 IST" name="Default suite" finished-at="2024-10-31T12:48:01 IST" duration-ms="14467">
    <groups>
    </groups>
    <test started-at="2024-10-31T12:47:46 IST" name="Default test" finished-at="2024-10-31T12:48:01 IST" duration-ms="14467">
      <class name="basetestess.LocationSearchTest_TC001">
        <test-method is-config="true" signature="StartTest()[pri:0, instance:basetestess.LocationSearchTest_TC001@235ecd9f]" started-at="2024-10-31T12:47:46 IST" name="StartTest" finished-at="2024-10-31T12:47:47 IST" duration-ms="405" status="PASS">
          <reporter-output>
          </reporter-output>
        </test-method> <!-- StartTest -->
        <test-method is-config="true" signature="Setup()[pri:0, instance:basetestess.LocationSearchTest_TC001@235ecd9f]" started-at="2024-10-31T12:47:47 IST" name="Setup" finished-at="2024-10-31T12:47:56 IST" duration-ms="9712" status="PASS">
          <reporter-output>
          </reporter-output>
        </test-method> <!-- Setup -->
        <test-method signature="LocationSearch()[pri:0, instance:basetestess.LocationSearchTest_TC001@235ecd9f]" started-at="2024-10-31T12:47:57 IST" name="LocationSearch" finished-at="2024-10-31T12:48:00 IST" duration-ms="3629" status="PASS">
          <reporter-output>
          </reporter-output>
        </test-method> <!-- LocationSearch -->
        <test-method is-config="true" signature="tearDown()[pri:0, instance:basetestess.LocationSearchTest_TC001@235ecd9f]" started-at="2024-10-31T12:48:00 IST" name="tearDown" finished-at="2024-10-31T12:48:01 IST" duration-ms="671" status="PASS">
          <reporter-output>
          </reporter-output>
        </test-method> <!-- tearDown -->
      </class> <!-- basetestess.LocationSearchTest_TC001 -->
    </test> <!-- Default test -->
  </suite> <!-- Default suite -->
</testng-results>
